<?xml version="1.0" encoding="UTF-8"?>
<testsuite name="CinemaTests" tests="1" skipped="0" failures="0" errors="0" timestamp="2025-01-08T20:01:23" hostname="ENCEDCREMLT0726.local" time="2.538">
  <properties/>
  <testcase name="start" classname="CinemaTests" time="2.538"/>
  <system-out><![CDATA[?[1;31m
Start test 1?[0m
?[0;34m
?[0m?[0;34m  .   ____          _            __ _ _
?[0m?[0;34m /\\ / ___'_ __ _ _(_)_ __  __ _ \ \ \ \
?[0m?[0;34m( ( )\___ | '_ | '_| | '_ \/ _` | \ \ \ \
?[0m?[0;34m \\/  ___)| |_)| | | | | || (_| |  ) ) ) )
?[0m?[0;34m  '  |____| .__|_| |_|_| |_\__, | / / / /
?[0m?[0;34m =========|_|==============|___/=/_/_/_/
?[0m?[0;34m :: Spring Boot ::                (v3.2.0)
?[0m?[0;34m
?[0m?[0;34m2025-01-08T14:01:23.562-06:00  INFO 30243 --- [    Test worker] cinema.Main                              : Starting Main using Java 17.0.12 with PID 30243 (started by antonio.alvarez in /Users/antonio.alvarez/Documents/VsCode/hyperskill/Cinema Room REST Service with Java/Cinema Room REST Service with Java/task)
?[0m?[0;34m2025-01-08T14:01:23.565-06:00  INFO 30243 --- [    Test worker] cinema.Main                              : No active profile set, falling back to 1 default profile: "default"
?[0m?[0;34m2025-01-08T14:01:24.477-06:00  INFO 30243 --- [    Test worker] o.s.b.w.embedded.tomcat.TomcatWebServer  : Tomcat initialized with port 28852 (http)
?[0m?[0;34m2025-01-08T14:01:24.487-06:00  INFO 30243 --- [    Test worker] o.apache.catalina.core.StandardService   : Starting service [Tomcat]
?[0m?[0;34m2025-01-08T14:01:24.487-06:00  INFO 30243 --- [    Test worker] o.apache.catalina.core.StandardEngine    : Starting Servlet engine: [Apache Tomcat/10.1.16]
?[0m?[0;34m2025-01-08T14:01:24.529-06:00  INFO 30243 --- [    Test worker] o.a.c.c.C.[Tomcat].[localhost].[/]       : Initializing Spring embedded WebApplicationContext
?[0m?[0;34m2025-01-08T14:01:24.530-06:00  INFO 30243 --- [    Test worker] w.s.c.ServletWebServerApplicationContext : Root WebApplicationContext: initialization completed in 929 ms
?[0m?[0;34m2025-01-08T14:01:24.979-06:00  INFO 30243 --- [    Test worker] o.s.b.a.e.web.EndpointLinksResolver      : Exposing 14 endpoint(s) beneath base path '/actuator'
?[0m?[0;34m2025-01-08T14:01:25.031-06:00  INFO 30243 --- [    Test worker] o.s.b.w.embedded.tomcat.TomcatWebServer  : Tomcat started on port 28852 (http) with context path ''
?[0m?[0;34m2025-01-08T14:01:25.043-06:00  INFO 30243 --- [    Test worker] cinema.Main                              : Started Main in 1.778 seconds (process running for 2.463)
?[0;34m2025-01-08T14:01:25.310-06:00  INFO 30243 --- [io-28852-exec-1] o.a.c.c.C.[Tomcat].[localhost].[/]       : Initializing Spring DispatcherServlet 'dispatcherServlet'
?[0m?[0;34m2025-01-08T14:01:25.310-06:00  INFO 30243 --- [io-28852-exec-1] o.s.web.servlet.DispatcherServlet        : Initializing Servlet 'dispatcherServlet'
?[0m?[0;34m2025-01-08T14:01:25.312-06:00  INFO 30243 --- [io-28852-exec-1] o.s.web.servlet.DispatcherServlet        : Completed initialization in 1 ms
?[0m?[1;31m
Start test 2?[0m
?[1;31m
Start test 3?[0m
?[1;31m
Start test 4?[0m
?[1;31m
Start test 5?[0m
?[1;31m
Start test 6?[0m
?[1;31m
Start test 7?[0m
?[0m?[0;34msuper_secret
?[1;31m
Start test 8?[0m
?[0;34msuper_secret
?[0m?[0;34msuper_secret
?[1;31m
Start test 9?[0m
?[1;31m
Start test 10?[0m
?[0;34msuper_secret
?[0m?[0;34msuper_secret
?[1;31m
Start test 11?[0m
?[1;31m
Start test 12?[0m
?[0;34msuper_secret
?[0m?[0;34msuper_secret
?[1;31m
Start test 13?[0m
?[1;31m
Start test 14?[0m
]]></system-out>
  <system-err><![CDATA[?[0;34mNullPointerException: Cannot invoke "cinema.Entity.PurchasedSeat.getSeat()" because "purchasedSeat" is null
?[0m?[0;34mNullPointerException: Cannot invoke "cinema.Entity.PurchasedSeat.getSeat()" because "purchasedSeat" is null
]]></system-err>
</testsuite>
